13-Jan-2024 11:47:13.123 INFO [main] org.apache.catalina.startup.VersionLoggerListener.log Server version name:   Apache Tomcat/10.1.18
13-Jan-2024 11:47:13.127 INFO [main] org.apache.catalina.startup.VersionLoggerListener.log Server built:          Jan 5 2024 14:39:40 UTC
13-Jan-2024 11:47:13.127 INFO [main] org.apache.catalina.startup.VersionLoggerListener.log Server version number: 10.1.18.0
13-Jan-2024 11:47:13.127 INFO [main] org.apache.catalina.startup.VersionLoggerListener.log OS Name:               Mac OS X
13-Jan-2024 11:47:13.127 INFO [main] org.apache.catalina.startup.VersionLoggerListener.log OS Version:            14.0
13-Jan-2024 11:47:13.127 INFO [main] org.apache.catalina.startup.VersionLoggerListener.log Architecture:          aarch64
13-Jan-2024 11:47:13.127 INFO [main] org.apache.catalina.startup.VersionLoggerListener.log Java Home:             /Library/Java/JavaVirtualMachines/jdk-17.jdk/Contents/Home
13-Jan-2024 11:47:13.127 INFO [main] org.apache.catalina.startup.VersionLoggerListener.log JVM Version:           17.0.9+11-LTS-201
13-Jan-2024 11:47:13.127 INFO [main] org.apache.catalina.startup.VersionLoggerListener.log JVM Vendor:            Oracle Corporation
13-Jan-2024 11:47:13.127 INFO [main] org.apache.catalina.startup.VersionLoggerListener.log CATALINA_BASE:         /Users/rajeshkumar/Documents/Java/Server/apache-tomcat-10.1.18
13-Jan-2024 11:47:13.127 INFO [main] org.apache.catalina.startup.VersionLoggerListener.log CATALINA_HOME:         /Users/rajeshkumar/Documents/Java/Server/apache-tomcat-10.1.18
13-Jan-2024 11:47:13.137 INFO [main] org.apache.catalina.startup.VersionLoggerListener.log Command line argument: -Djava.util.logging.config.file=/Users/rajeshkumar/documents/java/server/apache-tomcat-10.1.18/conf/logging.properties
13-Jan-2024 11:47:13.137 INFO [main] org.apache.catalina.startup.VersionLoggerListener.log Command line argument: -Djava.util.logging.manager=org.apache.juli.ClassLoaderLogManager
13-Jan-2024 11:47:13.137 INFO [main] org.apache.catalina.startup.VersionLoggerListener.log Command line argument: -Djdk.tls.ephemeralDHKeySize=2048
13-Jan-2024 11:47:13.138 INFO [main] org.apache.catalina.startup.VersionLoggerListener.log Command line argument: -Djava.protocol.handler.pkgs=org.apache.catalina.webresources
13-Jan-2024 11:47:13.138 INFO [main] org.apache.catalina.startup.VersionLoggerListener.log Command line argument: -Dorg.apache.catalina.security.SecurityListener.UMASK=0027
13-Jan-2024 11:47:13.138 INFO [main] org.apache.catalina.startup.VersionLoggerListener.log Command line argument: --add-opens=java.base/java.lang=ALL-UNNAMED
13-Jan-2024 11:47:13.138 INFO [main] org.apache.catalina.startup.VersionLoggerListener.log Command line argument: --add-opens=java.base/java.io=ALL-UNNAMED
13-Jan-2024 11:47:13.138 INFO [main] org.apache.catalina.startup.VersionLoggerListener.log Command line argument: --add-opens=java.base/java.util=ALL-UNNAMED
13-Jan-2024 11:47:13.138 INFO [main] org.apache.catalina.startup.VersionLoggerListener.log Command line argument: --add-opens=java.base/java.util.concurrent=ALL-UNNAMED
13-Jan-2024 11:47:13.138 INFO [main] org.apache.catalina.startup.VersionLoggerListener.log Command line argument: --add-opens=java.rmi/sun.rmi.transport=ALL-UNNAMED
13-Jan-2024 11:47:13.138 INFO [main] org.apache.catalina.startup.VersionLoggerListener.log Command line argument: -Dcatalina.base=/Users/rajeshkumar/documents/java/server/apache-tomcat-10.1.18
13-Jan-2024 11:47:13.138 INFO [main] org.apache.catalina.startup.VersionLoggerListener.log Command line argument: -Dcatalina.home=/Users/rajeshkumar/documents/java/server/apache-tomcat-10.1.18
13-Jan-2024 11:47:13.138 INFO [main] org.apache.catalina.startup.VersionLoggerListener.log Command line argument: -Djava.io.tmpdir=/Users/rajeshkumar/documents/java/server/apache-tomcat-10.1.18/temp
13-Jan-2024 11:47:13.144 INFO [main] org.apache.catalina.core.AprLifecycleListener.lifecycleEvent The Apache Tomcat Native library which allows using OpenSSL was not found on the java.library.path: [/Users/rajeshkumar/Library/Java/Extensions:/Library/Java/Extensions:/Network/Library/Java/Extensions:/System/Library/Java/Extensions:/usr/lib/java:.]
13-Jan-2024 11:47:13.297 INFO [main] org.apache.coyote.AbstractProtocol.init Initializing ProtocolHandler ["http-nio-8080"]
13-Jan-2024 11:47:13.318 INFO [main] org.apache.catalina.startup.Catalina.load Server initialization in [314] milliseconds
13-Jan-2024 11:47:13.346 INFO [main] org.apache.catalina.core.StandardService.startInternal Starting service [Catalina]
13-Jan-2024 11:47:13.347 INFO [main] org.apache.catalina.core.StandardEngine.startInternal Starting Servlet engine: [Apache Tomcat/10.1.18]
13-Jan-2024 11:47:13.351 INFO [main] org.apache.catalina.startup.HostConfig.deployDirectory Deploying web application directory [/Users/rajeshkumar/Documents/Java/Server/apache-tomcat-10.1.18/webapps/docs]
13-Jan-2024 11:47:13.525 INFO [main] org.apache.catalina.startup.HostConfig.deployDirectory Deployment of web application directory [/Users/rajeshkumar/Documents/Java/Server/apache-tomcat-10.1.18/webapps/docs] has finished in [174] ms
13-Jan-2024 11:47:13.525 INFO [main] org.apache.catalina.startup.HostConfig.deployDirectory Deploying web application directory [/Users/rajeshkumar/Documents/Java/Server/apache-tomcat-10.1.18/webapps/manager]
13-Jan-2024 11:47:13.545 INFO [main] org.apache.catalina.startup.HostConfig.deployDirectory Deployment of web application directory [/Users/rajeshkumar/Documents/Java/Server/apache-tomcat-10.1.18/webapps/manager] has finished in [20] ms
13-Jan-2024 11:47:13.545 INFO [main] org.apache.catalina.startup.HostConfig.deployDirectory Deploying web application directory [/Users/rajeshkumar/Documents/Java/Server/apache-tomcat-10.1.18/webapps/examples]
13-Jan-2024 11:47:13.683 INFO [main] org.apache.catalina.startup.HostConfig.deployDirectory Deployment of web application directory [/Users/rajeshkumar/Documents/Java/Server/apache-tomcat-10.1.18/webapps/examples] has finished in [138] ms
13-Jan-2024 11:47:13.683 INFO [main] org.apache.catalina.startup.HostConfig.deployDirectory Deploying web application directory [/Users/rajeshkumar/Documents/Java/Server/apache-tomcat-10.1.18/webapps/ROOT]
13-Jan-2024 11:47:13.694 INFO [main] org.apache.catalina.startup.HostConfig.deployDirectory Deployment of web application directory [/Users/rajeshkumar/Documents/Java/Server/apache-tomcat-10.1.18/webapps/ROOT] has finished in [11] ms
13-Jan-2024 11:47:13.694 INFO [main] org.apache.catalina.startup.HostConfig.deployDirectory Deploying web application directory [/Users/rajeshkumar/Documents/Java/Server/apache-tomcat-10.1.18/webapps/host-manager]
13-Jan-2024 11:47:13.705 INFO [main] org.apache.catalina.startup.HostConfig.deployDirectory Deployment of web application directory [/Users/rajeshkumar/Documents/Java/Server/apache-tomcat-10.1.18/webapps/host-manager] has finished in [11] ms
13-Jan-2024 11:47:13.706 INFO [main] org.apache.coyote.AbstractProtocol.start Starting ProtocolHandler ["http-nio-8080"]
13-Jan-2024 11:47:13.715 INFO [main] org.apache.catalina.startup.Catalina.start Server startup in [396] milliseconds
13-Jan-2024 11:48:03.475 INFO [main] org.apache.catalina.core.StandardServer.await A valid shutdown command was received via the shutdown port. Stopping the Server instance.
13-Jan-2024 11:48:03.476 INFO [main] org.apache.coyote.AbstractProtocol.pause Pausing ProtocolHandler ["http-nio-8080"]
13-Jan-2024 11:48:03.479 INFO [main] org.apache.catalina.core.StandardService.stopInternal Stopping service [Catalina]
13-Jan-2024 11:48:03.494 INFO [main] org.apache.coyote.AbstractProtocol.stop Stopping ProtocolHandler ["http-nio-8080"]
13-Jan-2024 11:48:03.506 INFO [main] org.apache.coyote.AbstractProtocol.destroy Destroying ProtocolHandler ["http-nio-8080"]
13-Jan-2024 11:53:41.740 INFO [main] org.apache.catalina.startup.VersionLoggerListener.log Server version name:   Apache Tomcat/10.1.18
13-Jan-2024 11:53:41.746 INFO [main] org.apache.catalina.startup.VersionLoggerListener.log Server built:          Jan 5 2024 14:39:40 UTC
13-Jan-2024 11:53:41.746 INFO [main] org.apache.catalina.startup.VersionLoggerListener.log Server version number: 10.1.18.0
13-Jan-2024 11:53:41.746 INFO [main] org.apache.catalina.startup.VersionLoggerListener.log OS Name:               Mac OS X
13-Jan-2024 11:53:41.746 INFO [main] org.apache.catalina.startup.VersionLoggerListener.log OS Version:            14.0
13-Jan-2024 11:53:41.746 INFO [main] org.apache.catalina.startup.VersionLoggerListener.log Architecture:          aarch64
13-Jan-2024 11:53:41.746 INFO [main] org.apache.catalina.startup.VersionLoggerListener.log Java Home:             /Library/Java/JavaVirtualMachines/jdk-17.jdk/Contents/Home
13-Jan-2024 11:53:41.746 INFO [main] org.apache.catalina.startup.VersionLoggerListener.log JVM Version:           17.0.9+11-LTS-201
13-Jan-2024 11:53:41.746 INFO [main] org.apache.catalina.startup.VersionLoggerListener.log JVM Vendor:            Oracle Corporation
13-Jan-2024 11:53:41.746 INFO [main] org.apache.catalina.startup.VersionLoggerListener.log CATALINA_BASE:         /Users/rajeshkumar/Documents/Java/Server/apache-tomcat-10.1.18
13-Jan-2024 11:53:41.746 INFO [main] org.apache.catalina.startup.VersionLoggerListener.log CATALINA_HOME:         /Users/rajeshkumar/Documents/Java/Server/apache-tomcat-10.1.18
13-Jan-2024 11:53:41.754 INFO [main] org.apache.catalina.startup.VersionLoggerListener.log Command line argument: -Djava.util.logging.config.file=/Users/rajeshkumar/documents/java/server/apache-tomcat-10.1.18/conf/logging.properties
13-Jan-2024 11:53:41.754 INFO [main] org.apache.catalina.startup.VersionLoggerListener.log Command line argument: -Djava.util.logging.manager=org.apache.juli.ClassLoaderLogManager
13-Jan-2024 11:53:41.754 INFO [main] org.apache.catalina.startup.VersionLoggerListener.log Command line argument: -Djdk.tls.ephemeralDHKeySize=2048
13-Jan-2024 11:53:41.754 INFO [main] org.apache.catalina.startup.VersionLoggerListener.log Command line argument: -Djava.protocol.handler.pkgs=org.apache.catalina.webresources
13-Jan-2024 11:53:41.754 INFO [main] org.apache.catalina.startup.VersionLoggerListener.log Command line argument: -Dorg.apache.catalina.security.SecurityListener.UMASK=0027
13-Jan-2024 11:53:41.754 INFO [main] org.apache.catalina.startup.VersionLoggerListener.log Command line argument: --add-opens=java.base/java.lang=ALL-UNNAMED
13-Jan-2024 11:53:41.754 INFO [main] org.apache.catalina.startup.VersionLoggerListener.log Command line argument: --add-opens=java.base/java.io=ALL-UNNAMED
13-Jan-2024 11:53:41.754 INFO [main] org.apache.catalina.startup.VersionLoggerListener.log Command line argument: --add-opens=java.base/java.util=ALL-UNNAMED
13-Jan-2024 11:53:41.754 INFO [main] org.apache.catalina.startup.VersionLoggerListener.log Command line argument: --add-opens=java.base/java.util.concurrent=ALL-UNNAMED
13-Jan-2024 11:53:41.754 INFO [main] org.apache.catalina.startup.VersionLoggerListener.log Command line argument: --add-opens=java.rmi/sun.rmi.transport=ALL-UNNAMED
13-Jan-2024 11:53:41.754 INFO [main] org.apache.catalina.startup.VersionLoggerListener.log Command line argument: -Dcatalina.base=/Users/rajeshkumar/documents/java/server/apache-tomcat-10.1.18
13-Jan-2024 11:53:41.755 INFO [main] org.apache.catalina.startup.VersionLoggerListener.log Command line argument: -Dcatalina.home=/Users/rajeshkumar/documents/java/server/apache-tomcat-10.1.18
13-Jan-2024 11:53:41.755 INFO [main] org.apache.catalina.startup.VersionLoggerListener.log Command line argument: -Djava.io.tmpdir=/Users/rajeshkumar/documents/java/server/apache-tomcat-10.1.18/temp
13-Jan-2024 11:53:41.760 INFO [main] org.apache.catalina.core.AprLifecycleListener.lifecycleEvent The Apache Tomcat Native library which allows using OpenSSL was not found on the java.library.path: [/Users/rajeshkumar/Library/Java/Extensions:/Library/Java/Extensions:/Network/Library/Java/Extensions:/System/Library/Java/Extensions:/usr/lib/java:.]
13-Jan-2024 11:53:41.916 INFO [main] org.apache.coyote.AbstractProtocol.init Initializing ProtocolHandler ["http-nio-8085"]
13-Jan-2024 11:53:41.948 INFO [main] org.apache.catalina.startup.Catalina.load Server initialization in [327] milliseconds
13-Jan-2024 11:53:41.985 INFO [main] org.apache.catalina.core.StandardService.startInternal Starting service [Catalina]
13-Jan-2024 11:53:41.985 INFO [main] org.apache.catalina.core.StandardEngine.startInternal Starting Servlet engine: [Apache Tomcat/10.1.18]
13-Jan-2024 11:53:41.991 INFO [main] org.apache.catalina.startup.HostConfig.deployDirectory Deploying web application directory [/Users/rajeshkumar/Documents/Java/Server/apache-tomcat-10.1.18/webapps/docs]
13-Jan-2024 11:53:42.174 INFO [main] org.apache.catalina.startup.HostConfig.deployDirectory Deployment of web application directory [/Users/rajeshkumar/Documents/Java/Server/apache-tomcat-10.1.18/webapps/docs] has finished in [182] ms
13-Jan-2024 11:53:42.174 INFO [main] org.apache.catalina.startup.HostConfig.deployDirectory Deploying web application directory [/Users/rajeshkumar/Documents/Java/Server/apache-tomcat-10.1.18/webapps/manager]
13-Jan-2024 11:53:42.194 INFO [main] org.apache.catalina.startup.HostConfig.deployDirectory Deployment of web application directory [/Users/rajeshkumar/Documents/Java/Server/apache-tomcat-10.1.18/webapps/manager] has finished in [20] ms
13-Jan-2024 11:53:42.194 INFO [main] org.apache.catalina.startup.HostConfig.deployDirectory Deploying web application directory [/Users/rajeshkumar/Documents/Java/Server/apache-tomcat-10.1.18/webapps/examples]
13-Jan-2024 11:53:42.333 INFO [main] org.apache.catalina.startup.HostConfig.deployDirectory Deployment of web application directory [/Users/rajeshkumar/Documents/Java/Server/apache-tomcat-10.1.18/webapps/examples] has finished in [139] ms
13-Jan-2024 11:53:42.334 INFO [main] org.apache.catalina.startup.HostConfig.deployDirectory Deploying web application directory [/Users/rajeshkumar/Documents/Java/Server/apache-tomcat-10.1.18/webapps/ROOT]
13-Jan-2024 11:53:42.343 INFO [main] org.apache.catalina.startup.HostConfig.deployDirectory Deployment of web application directory [/Users/rajeshkumar/Documents/Java/Server/apache-tomcat-10.1.18/webapps/ROOT] has finished in [9] ms
13-Jan-2024 11:53:42.343 INFO [main] org.apache.catalina.startup.HostConfig.deployDirectory Deploying web application directory [/Users/rajeshkumar/Documents/Java/Server/apache-tomcat-10.1.18/webapps/host-manager]
13-Jan-2024 11:53:42.354 INFO [main] org.apache.catalina.startup.HostConfig.deployDirectory Deployment of web application directory [/Users/rajeshkumar/Documents/Java/Server/apache-tomcat-10.1.18/webapps/host-manager] has finished in [11] ms
13-Jan-2024 11:53:42.355 INFO [main] org.apache.coyote.AbstractProtocol.start Starting ProtocolHandler ["http-nio-8085"]
13-Jan-2024 11:53:42.365 INFO [main] org.apache.catalina.startup.Catalina.start Server startup in [416] milliseconds
13-Jan-2024 12:04:12.900 INFO [Catalina-utility-2] org.apache.catalina.users.MemoryUserDatabase.backgroundProcess Reloading memory user database [UserDatabase] from updated source [file:/Users/rajeshkumar/Documents/Java/Server/apache-tomcat-10.1.18/conf/tomcat-users.xml]
13-Jan-2024 12:04:12.919 SEVERE [Catalina-utility-2] org.apache.tomcat.util.digester.Digester.fatalError Parse fatal error at line [38] column [33]
	org.xml.sax.SAXParseException; lineNumber: 38; columnNumber: 33; The value of attribute "password" associated with an element type "user" must not contain the '<' character.
		at java.xml/com.sun.org.apache.xerces.internal.util.ErrorHandlerWrapper.createSAXParseException(ErrorHandlerWrapper.java:204)
		at java.xml/com.sun.org.apache.xerces.internal.util.ErrorHandlerWrapper.fatalError(ErrorHandlerWrapper.java:178)
		at java.xml/com.sun.org.apache.xerces.internal.impl.XMLErrorReporter.reportError(XMLErrorReporter.java:400)
		at java.xml/com.sun.org.apache.xerces.internal.impl.XMLErrorReporter.reportError(XMLErrorReporter.java:327)
		at java.xml/com.sun.org.apache.xerces.internal.impl.XMLScanner.reportFatalError(XMLScanner.java:1465)
		at java.xml/com.sun.org.apache.xerces.internal.impl.XMLScanner.scanAttributeValue(XMLScanner.java:943)
		at java.xml/com.sun.org.apache.xerces.internal.impl.XMLDocumentFragmentScannerImpl.scanAttribute(XMLDocumentFragmentScannerImpl.java:1522)
		at java.xml/com.sun.org.apache.xerces.internal.impl.XMLDocumentFragmentScannerImpl.scanStartElement(XMLDocumentFragmentScannerImpl.java:1363)
		at java.xml/com.sun.org.apache.xerces.internal.impl.XMLDocumentFragmentScannerImpl$FragmentContentDriver.next(XMLDocumentFragmentScannerImpl.java:2726)
		at java.xml/com.sun.org.apache.xerces.internal.impl.XMLDocumentScannerImpl.next(XMLDocumentScannerImpl.java:605)
		at java.xml/com.sun.org.apache.xerces.internal.impl.XMLDocumentFragmentScannerImpl.scanDocument(XMLDocumentFragmentScannerImpl.java:542)
		at java.xml/com.sun.org.apache.xerces.internal.parsers.XML11Configuration.parse(XML11Configuration.java:889)
		at java.xml/com.sun.org.apache.xerces.internal.parsers.XML11Configuration.parse(XML11Configuration.java:825)
		at java.xml/com.sun.org.apache.xerces.internal.parsers.XMLParser.parse(XMLParser.java:141)
		at java.xml/com.sun.org.apache.xerces.internal.parsers.AbstractSAXParser.parse(AbstractSAXParser.java:1224)
		at java.xml/com.sun.org.apache.xerces.internal.jaxp.SAXParserImpl$JAXPSAXParser.parse(SAXParserImpl.java:637)
		at org.apache.tomcat.util.digester.Digester.parse(Digester.java:1539)
		at org.apache.catalina.users.MemoryUserDatabase.open(MemoryUserDatabase.java:447)
		at org.apache.catalina.users.MemoryUserDatabase.backgroundProcess(MemoryUserDatabase.java:726)
		at org.apache.catalina.realm.UserDatabaseRealm.backgroundProcess(UserDatabaseRealm.java:143)
		at org.apache.catalina.realm.CombinedRealm.backgroundProcess(CombinedRealm.java:246)
		at org.apache.catalina.core.ContainerBase.backgroundProcess(ContainerBase.java:1084)
		at org.apache.catalina.core.ContainerBase$ContainerBackgroundProcessor.processChildren(ContainerBase.java:1301)
		at org.apache.catalina.core.ContainerBase$ContainerBackgroundProcessor.run(ContainerBase.java:1283)
		at java.base/java.util.concurrent.Executors$RunnableAdapter.call(Executors.java:539)
		at java.base/java.util.concurrent.FutureTask.runAndReset(FutureTask.java:305)
		at java.base/java.util.concurrent.ScheduledThreadPoolExecutor$ScheduledFutureTask.run(ScheduledThreadPoolExecutor.java:305)
		at java.base/java.util.concurrent.ThreadPoolExecutor.runWorker(ThreadPoolExecutor.java:1136)
		at java.base/java.util.concurrent.ThreadPoolExecutor$Worker.run(ThreadPoolExecutor.java:635)
		at org.apache.tomcat.util.threads.TaskThread$WrappingRunnable.run(TaskThread.java:61)
		at java.base/java.lang.Thread.run(Thread.java:842)
13-Jan-2024 12:04:12.922 SEVERE [Catalina-utility-2] org.apache.catalina.users.MemoryUserDatabase.backgroundProcess Error reloading memory user database [UserDatabase] from updated source [file:/Users/rajeshkumar/Documents/Java/Server/apache-tomcat-10.1.18/conf/tomcat-users.xml]
	org.xml.sax.SAXParseException; lineNumber: 38; columnNumber: 33; The value of attribute "password" associated with an element type "user" must not contain the '<' character.
		at java.xml/com.sun.org.apache.xerces.internal.parsers.AbstractSAXParser.parse(AbstractSAXParser.java:1251)
		at java.xml/com.sun.org.apache.xerces.internal.jaxp.SAXParserImpl$JAXPSAXParser.parse(SAXParserImpl.java:637)
		at org.apache.tomcat.util.digester.Digester.parse(Digester.java:1539)
		at org.apache.catalina.users.MemoryUserDatabase.open(MemoryUserDatabase.java:447)
		at org.apache.catalina.users.MemoryUserDatabase.backgroundProcess(MemoryUserDatabase.java:726)
		at org.apache.catalina.realm.UserDatabaseRealm.backgroundProcess(UserDatabaseRealm.java:143)
		at org.apache.catalina.realm.CombinedRealm.backgroundProcess(CombinedRealm.java:246)
		at org.apache.catalina.core.ContainerBase.backgroundProcess(ContainerBase.java:1084)
		at org.apache.catalina.core.ContainerBase$ContainerBackgroundProcessor.processChildren(ContainerBase.java:1301)
		at org.apache.catalina.core.ContainerBase$ContainerBackgroundProcessor.run(ContainerBase.java:1283)
		at java.base/java.util.concurrent.Executors$RunnableAdapter.call(Executors.java:539)
		at java.base/java.util.concurrent.FutureTask.runAndReset(FutureTask.java:305)
		at java.base/java.util.concurrent.ScheduledThreadPoolExecutor$ScheduledFutureTask.run(ScheduledThreadPoolExecutor.java:305)
		at java.base/java.util.concurrent.ThreadPoolExecutor.runWorker(ThreadPoolExecutor.java:1136)
		at java.base/java.util.concurrent.ThreadPoolExecutor$Worker.run(ThreadPoolExecutor.java:635)
		at org.apache.tomcat.util.threads.TaskThread$WrappingRunnable.run(TaskThread.java:61)
		at java.base/java.lang.Thread.run(Thread.java:842)
13-Jan-2024 12:04:22.932 INFO [Catalina-utility-1] org.apache.catalina.users.MemoryUserDatabase.backgroundProcess Reloading memory user database [UserDatabase] from updated source [file:/Users/rajeshkumar/Documents/Java/Server/apache-tomcat-10.1.18/conf/tomcat-users.xml]
13-Jan-2024 12:04:28.896 INFO [main] org.apache.catalina.core.StandardServer.await A valid shutdown command was received via the shutdown port. Stopping the Server instance.
13-Jan-2024 12:04:28.897 INFO [main] org.apache.coyote.AbstractProtocol.pause Pausing ProtocolHandler ["http-nio-8085"]
13-Jan-2024 12:04:28.900 INFO [main] org.apache.catalina.core.StandardService.stopInternal Stopping service [Catalina]
13-Jan-2024 12:04:28.917 INFO [main] org.apache.coyote.AbstractProtocol.stop Stopping ProtocolHandler ["http-nio-8085"]
13-Jan-2024 12:04:28.927 INFO [main] org.apache.coyote.AbstractProtocol.destroy Destroying ProtocolHandler ["http-nio-8085"]
13-Jan-2024 12:04:31.364 INFO [main] org.apache.catalina.startup.VersionLoggerListener.log Server version name:   Apache Tomcat/10.1.18
13-Jan-2024 12:04:31.367 INFO [main] org.apache.catalina.startup.VersionLoggerListener.log Server built:          Jan 5 2024 14:39:40 UTC
13-Jan-2024 12:04:31.367 INFO [main] org.apache.catalina.startup.VersionLoggerListener.log Server version number: 10.1.18.0
13-Jan-2024 12:04:31.367 INFO [main] org.apache.catalina.startup.VersionLoggerListener.log OS Name:               Mac OS X
13-Jan-2024 12:04:31.367 INFO [main] org.apache.catalina.startup.VersionLoggerListener.log OS Version:            14.0
13-Jan-2024 12:04:31.367 INFO [main] org.apache.catalina.startup.VersionLoggerListener.log Architecture:          aarch64
13-Jan-2024 12:04:31.367 INFO [main] org.apache.catalina.startup.VersionLoggerListener.log Java Home:             /Library/Java/JavaVirtualMachines/jdk-17.jdk/Contents/Home
13-Jan-2024 12:04:31.367 INFO [main] org.apache.catalina.startup.VersionLoggerListener.log JVM Version:           17.0.9+11-LTS-201
13-Jan-2024 12:04:31.367 INFO [main] org.apache.catalina.startup.VersionLoggerListener.log JVM Vendor:            Oracle Corporation
13-Jan-2024 12:04:31.367 INFO [main] org.apache.catalina.startup.VersionLoggerListener.log CATALINA_BASE:         /Users/rajeshkumar/Documents/Java/Server/apache-tomcat-10.1.18
13-Jan-2024 12:04:31.367 INFO [main] org.apache.catalina.startup.VersionLoggerListener.log CATALINA_HOME:         /Users/rajeshkumar/Documents/Java/Server/apache-tomcat-10.1.18
13-Jan-2024 12:04:31.375 INFO [main] org.apache.catalina.startup.VersionLoggerListener.log Command line argument: -Djava.util.logging.config.file=/Users/rajeshkumar/documents/java/server/apache-tomcat-10.1.18/conf/logging.properties
13-Jan-2024 12:04:31.376 INFO [main] org.apache.catalina.startup.VersionLoggerListener.log Command line argument: -Djava.util.logging.manager=org.apache.juli.ClassLoaderLogManager
13-Jan-2024 12:04:31.376 INFO [main] org.apache.catalina.startup.VersionLoggerListener.log Command line argument: -Djdk.tls.ephemeralDHKeySize=2048
13-Jan-2024 12:04:31.376 INFO [main] org.apache.catalina.startup.VersionLoggerListener.log Command line argument: -Djava.protocol.handler.pkgs=org.apache.catalina.webresources
13-Jan-2024 12:04:31.376 INFO [main] org.apache.catalina.startup.VersionLoggerListener.log Command line argument: -Dorg.apache.catalina.security.SecurityListener.UMASK=0027
13-Jan-2024 12:04:31.376 INFO [main] org.apache.catalina.startup.VersionLoggerListener.log Command line argument: --add-opens=java.base/java.lang=ALL-UNNAMED
13-Jan-2024 12:04:31.376 INFO [main] org.apache.catalina.startup.VersionLoggerListener.log Command line argument: --add-opens=java.base/java.io=ALL-UNNAMED
13-Jan-2024 12:04:31.376 INFO [main] org.apache.catalina.startup.VersionLoggerListener.log Command line argument: --add-opens=java.base/java.util=ALL-UNNAMED
13-Jan-2024 12:04:31.376 INFO [main] org.apache.catalina.startup.VersionLoggerListener.log Command line argument: --add-opens=java.base/java.util.concurrent=ALL-UNNAMED
13-Jan-2024 12:04:31.376 INFO [main] org.apache.catalina.startup.VersionLoggerListener.log Command line argument: --add-opens=java.rmi/sun.rmi.transport=ALL-UNNAMED
13-Jan-2024 12:04:31.376 INFO [main] org.apache.catalina.startup.VersionLoggerListener.log Command line argument: -Dcatalina.base=/Users/rajeshkumar/documents/java/server/apache-tomcat-10.1.18
13-Jan-2024 12:04:31.376 INFO [main] org.apache.catalina.startup.VersionLoggerListener.log Command line argument: -Dcatalina.home=/Users/rajeshkumar/documents/java/server/apache-tomcat-10.1.18
13-Jan-2024 12:04:31.376 INFO [main] org.apache.catalina.startup.VersionLoggerListener.log Command line argument: -Djava.io.tmpdir=/Users/rajeshkumar/documents/java/server/apache-tomcat-10.1.18/temp
13-Jan-2024 12:04:31.382 INFO [main] org.apache.catalina.core.AprLifecycleListener.lifecycleEvent The Apache Tomcat Native library which allows using OpenSSL was not found on the java.library.path: [/Users/rajeshkumar/Library/Java/Extensions:/Library/Java/Extensions:/Network/Library/Java/Extensions:/System/Library/Java/Extensions:/usr/lib/java:.]
13-Jan-2024 12:04:31.535 INFO [main] org.apache.coyote.AbstractProtocol.init Initializing ProtocolHandler ["http-nio-8085"]
13-Jan-2024 12:04:31.555 INFO [main] org.apache.catalina.startup.Catalina.load Server initialization in [295] milliseconds
13-Jan-2024 12:04:31.583 INFO [main] org.apache.catalina.core.StandardService.startInternal Starting service [Catalina]
13-Jan-2024 12:04:31.583 INFO [main] org.apache.catalina.core.StandardEngine.startInternal Starting Servlet engine: [Apache Tomcat/10.1.18]
13-Jan-2024 12:04:31.587 INFO [main] org.apache.catalina.startup.HostConfig.deployDirectory Deploying web application directory [/Users/rajeshkumar/Documents/Java/Server/apache-tomcat-10.1.18/webapps/docs]
13-Jan-2024 12:04:31.759 INFO [main] org.apache.catalina.startup.HostConfig.deployDirectory Deployment of web application directory [/Users/rajeshkumar/Documents/Java/Server/apache-tomcat-10.1.18/webapps/docs] has finished in [171] ms
13-Jan-2024 12:04:31.759 INFO [main] org.apache.catalina.startup.HostConfig.deployDirectory Deploying web application directory [/Users/rajeshkumar/Documents/Java/Server/apache-tomcat-10.1.18/webapps/manager]
13-Jan-2024 12:04:31.777 INFO [main] org.apache.catalina.startup.HostConfig.deployDirectory Deployment of web application directory [/Users/rajeshkumar/Documents/Java/Server/apache-tomcat-10.1.18/webapps/manager] has finished in [18] ms
13-Jan-2024 12:04:31.777 INFO [main] org.apache.catalina.startup.HostConfig.deployDirectory Deploying web application directory [/Users/rajeshkumar/Documents/Java/Server/apache-tomcat-10.1.18/webapps/examples]
13-Jan-2024 12:04:31.912 INFO [main] org.apache.catalina.startup.HostConfig.deployDirectory Deployment of web application directory [/Users/rajeshkumar/Documents/Java/Server/apache-tomcat-10.1.18/webapps/examples] has finished in [135] ms
13-Jan-2024 12:04:31.912 INFO [main] org.apache.catalina.startup.HostConfig.deployDirectory Deploying web application directory [/Users/rajeshkumar/Documents/Java/Server/apache-tomcat-10.1.18/webapps/ROOT]
13-Jan-2024 12:04:31.922 INFO [main] org.apache.catalina.startup.HostConfig.deployDirectory Deployment of web application directory [/Users/rajeshkumar/Documents/Java/Server/apache-tomcat-10.1.18/webapps/ROOT] has finished in [10] ms
13-Jan-2024 12:04:31.922 INFO [main] org.apache.catalina.startup.HostConfig.deployDirectory Deploying web application directory [/Users/rajeshkumar/Documents/Java/Server/apache-tomcat-10.1.18/webapps/host-manager]
13-Jan-2024 12:04:31.933 INFO [main] org.apache.catalina.startup.HostConfig.deployDirectory Deployment of web application directory [/Users/rajeshkumar/Documents/Java/Server/apache-tomcat-10.1.18/webapps/host-manager] has finished in [11] ms
13-Jan-2024 12:04:31.935 INFO [main] org.apache.coyote.AbstractProtocol.start Starting ProtocolHandler ["http-nio-8085"]
13-Jan-2024 12:04:31.943 INFO [main] org.apache.catalina.startup.Catalina.start Server startup in [388] milliseconds
13-Jan-2024 12:05:45.496 INFO [http-nio-8085-exec-1] org.apache.catalina.startup.HostConfig.deployWAR Deploying web application archive [/Users/rajeshkumar/Documents/Java/Server/apache-tomcat-10.1.18/webapps/security-0.0.1-SNAPSHOT.war]
13-Jan-2024 12:05:46.557 INFO [http-nio-8085-exec-1] org.apache.jasper.servlet.TldScanner.scanJars At least one JAR was scanned for TLDs yet contained no TLDs. Enable debug logging for this logger for a complete list of JARs that were scanned but no TLDs were found in them. Skipping unneeded JARs during scanning can improve startup time and JSP compilation time.
13-Jan-2024 12:05:46.604 INFO [http-nio-8085-exec-1] org.apache.catalina.startup.HostConfig.deployWAR Deployment of web application archive [/Users/rajeshkumar/Documents/Java/Server/apache-tomcat-10.1.18/webapps/security-0.0.1-SNAPSHOT.war] has finished in [1,108] ms
13-Jan-2024 12:06:00.510 INFO [http-nio-8085-exec-4] org.apache.catalina.core.StandardContext.reload Reloading Context with name [/security-0.0.1-SNAPSHOT] has started
13-Jan-2024 12:06:01.462 INFO [http-nio-8085-exec-4] org.apache.jasper.servlet.TldScanner.scanJars At least one JAR was scanned for TLDs yet contained no TLDs. Enable debug logging for this logger for a complete list of JARs that were scanned but no TLDs were found in them. Skipping unneeded JARs during scanning can improve startup time and JSP compilation time.
13-Jan-2024 12:06:01.493 INFO [http-nio-8085-exec-4] org.apache.catalina.core.StandardContext.reload Reloading Context with name [/security-0.0.1-SNAPSHOT] is completed
13-Jan-2024 12:24:46.276 INFO [http-nio-8085-exec-18] org.apache.catalina.startup.HostConfig.undeploy Undeploying context [/security-0.0.1-SNAPSHOT]
13-Jan-2024 12:24:59.795 INFO [http-nio-8085-exec-13] org.apache.catalina.startup.HostConfig.deployWAR Deploying web application archive [/Users/rajeshkumar/Documents/Java/Server/apache-tomcat-10.1.18/webapps/security.war]
13-Jan-2024 12:25:00.659 INFO [http-nio-8085-exec-13] org.apache.jasper.servlet.TldScanner.scanJars At least one JAR was scanned for TLDs yet contained no TLDs. Enable debug logging for this logger for a complete list of JARs that were scanned but no TLDs were found in them. Skipping unneeded JARs during scanning can improve startup time and JSP compilation time.
13-Jan-2024 12:25:02.020 INFO [http-nio-8085-exec-13] org.apache.catalina.startup.HostConfig.deployWAR Deployment of web application archive [/Users/rajeshkumar/Documents/Java/Server/apache-tomcat-10.1.18/webapps/security.war] has finished in [2,225] ms
13-Jan-2024 12:42:51.638 INFO [http-nio-8085-exec-26] org.apache.catalina.startup.HostConfig.undeploy Undeploying context [/security]
13-Jan-2024 12:43:13.016 INFO [http-nio-8085-exec-24] org.apache.catalina.startup.HostConfig.deployWAR Deploying web application archive [/Users/rajeshkumar/Documents/Java/Server/apache-tomcat-10.1.18/webapps/security.war]
13-Jan-2024 12:43:13.901 INFO [http-nio-8085-exec-24] org.apache.jasper.servlet.TldScanner.scanJars At least one JAR was scanned for TLDs yet contained no TLDs. Enable debug logging for this logger for a complete list of JARs that were scanned but no TLDs were found in them. Skipping unneeded JARs during scanning can improve startup time and JSP compilation time.
13-Jan-2024 12:43:15.197 INFO [http-nio-8085-exec-24] org.apache.catalina.startup.HostConfig.deployWAR Deployment of web application archive [/Users/rajeshkumar/Documents/Java/Server/apache-tomcat-10.1.18/webapps/security.war] has finished in [2,181] ms
13-Jan-2024 12:44:23.901 INFO [http-nio-8085-exec-30] org.apache.catalina.startup.HostConfig.deployWAR Deploying web application archive [/Users/rajeshkumar/Documents/Java/Server/apache-tomcat-10.1.18/webapps/securitydemo.war]
13-Jan-2024 12:44:24.783 INFO [http-nio-8085-exec-30] org.apache.jasper.servlet.TldScanner.scanJars At least one JAR was scanned for TLDs yet contained no TLDs. Enable debug logging for this logger for a complete list of JARs that were scanned but no TLDs were found in them. Skipping unneeded JARs during scanning can improve startup time and JSP compilation time.
13-Jan-2024 12:44:25.901 INFO [http-nio-8085-exec-30] org.apache.catalina.startup.HostConfig.deployWAR Deployment of web application archive [/Users/rajeshkumar/Documents/Java/Server/apache-tomcat-10.1.18/webapps/securitydemo.war] has finished in [2,000] ms
13-Jan-2024 12:44:42.820 INFO [http-nio-8085-exec-36] org.apache.catalina.startup.HostConfig.deployWAR Deploying web application archive [/Users/rajeshkumar/Documents/Java/Server/apache-tomcat-10.1.18/webapps/securitydemo-v1.war]
13-Jan-2024 12:44:43.704 INFO [http-nio-8085-exec-36] org.apache.jasper.servlet.TldScanner.scanJars At least one JAR was scanned for TLDs yet contained no TLDs. Enable debug logging for this logger for a complete list of JARs that were scanned but no TLDs were found in them. Skipping unneeded JARs during scanning can improve startup time and JSP compilation time.
13-Jan-2024 12:44:44.790 INFO [http-nio-8085-exec-36] org.apache.catalina.startup.HostConfig.deployWAR Deployment of web application archive [/Users/rajeshkumar/Documents/Java/Server/apache-tomcat-10.1.18/webapps/securitydemo-v1.war] has finished in [1,970] ms
13-Jan-2024 12:50:46.297 INFO [Catalina-utility-1] org.apache.catalina.startup.HostConfig.deployWAR Deploying web application archive [/Users/rajeshkumar/Documents/Java/Server/apache-tomcat-10.1.18/webapps/securitytest.war]
13-Jan-2024 12:50:47.248 INFO [Catalina-utility-1] org.apache.jasper.servlet.TldScanner.scanJars At least one JAR was scanned for TLDs yet contained no TLDs. Enable debug logging for this logger for a complete list of JARs that were scanned but no TLDs were found in them. Skipping unneeded JARs during scanning can improve startup time and JSP compilation time.
13-Jan-2024 12:50:48.368 INFO [Catalina-utility-1] org.apache.catalina.startup.HostConfig.deployWAR Deployment of web application archive [/Users/rajeshkumar/Documents/Java/Server/apache-tomcat-10.1.18/webapps/securitytest.war] has finished in [2,072] ms
